3K71G
2HODK
5NTCB
4JQ3B
2XQRA
6LNIA
5FMUC
6N55D
2G72B
5F1AB
2HODC
3I7ZA
5WQDE
5T8RA
1R5TB
5CORI
6N55E
6P7SD
5ISCB
1C3IA
1DZXP
2AN3B
3J8GK
3UOFA
4MZTA
6PACA
2XNXC
1RIIB
1IH5A
6Z55B
2GK1N
5B4LB
6NQAK
5KM8B
3GJ0A
1QXXA
5M32S
4DHJI
5G6UA
6JJRA
1W7PD
6FBQA
4XQQD
5GZDA
1I1JB
2GPQA
2QLPA
2P9UE
4YM1C
1B93B
1GUXB
6DKJD
7NZ9A
3CLXC
3ZHWB
3GLTA
5MS0F
3G58A
3NIMF
2AWOB
6IMDA
4AOKB
3GHGA
5LWPA
5N9JU
6YBWP
3J45G
6HWOA
2GOOF
2CNEA
1G6Q4
6PSSG
7M10A
6VK2A
3N06B
5TGIA
2K7WA
7C4JH
3OUNA
5EHDh
4YKDA
1RJ7I
4ZI9A
7L68A
6LSSF
1GYUA
3W5UA
3IKPC
1C43A
6NMYA
4ZRYB
2VHWB
6NB1M
6EVLA
3UI7A
5VPFD
3WKNB
5K24B
3N3EA
6ZOJK
6OZJB
6KTRC
6BQXB
1KOYA
5MPGA
5FZ5I
5OLMB
2UX0D
1NCFA
3UOBA
5LZXJ
5UPPA
6Y9PB
4XO7A
6OIAA
2G8EA
3QS7A
2XVTC
3DWYB
6J71A
1JZRC
4D09C
1PVHA
6HAYF
6LSDB
2WGQB
6P4GN
3FHZD
3IAXA
2FV4B
2RJCA
3SJBD
4G3YC
3M0DC
2JWEA
4H8AB
1MBXD
1M63A
5EUCB
4NR4B
6RMUC
1B8YA
4Z7NC
4DO3B
4IKPB
6N55C
7CFYC
1MSHA
4EC4B
1OZJB
4UX8D
4IMYF
5FI0D
6U8HA
6ZMTP
5AYWE
6AYYB
4L5IA
4Y7JB
7LYBM
5XNVA
6X3YA
4MZMA
3R8KA
6ULVC
6LZZA
1OX9A
2ARYA
3TKZA
3VLCE
5EKIB
4WWIA
7K3JK
3KPCA
1C5MF
3KJQA
1KQGB
3RCWE
3DJ1A
6GB1A
1NYEE
5NC5A
4A0YA
2IL4A
5FLXO
3OZ1C
5NL1A
5IS8A
5MPZA
2JMRA
4BGMA
4M5NA
6ZEYA
2K9GA
4KP8D
2LQNA
3UV4B
3K5RA
4QH8A
4KI7X
3MICA
3MAYH
3P53A
6LMRA
3J45E
3P1MC
4WFCD
6ULTD
6IQ1B
3HQAA
6JXRe
6EF3G
3QQ8B
4WI2A
2IXPB
1OJDC
3B3JA
4UU9C
3GHGI
3PNWX
2HLOC
4DCYA
1S9VD
5DZYD
1ONSA
3D4VA
5MQFh
2RR6A
3HJHA
4BQFB
4RC1B
6UUQA
2LSIA
1CMAA
7EGAk
4ZVGA
6MXZE
2HV8E
2DH3A
5NL1C
6S0MB
1G5VA
2PQRA
5D4UA
6EY2E
1L3GA
4F25A
3SEKB
5FM5M
1EPFB
4WFAS
4ZJRC
1YOVA
6AX5A
3QHSK
1IO4A
1J86A
2WPDE
3SNLA
4YDZA
6CCKA
4BJ5C
2ZKEA
5BX1A
2FR6A
2XYCA
4XR3A
4A0KA
5D0OA
2Z6OA
3DEPA
6E5BF
1LQBC
6ATPB
5FMUB
3QB4D
5J0WA
1XDOA
3CQRA
3ORHD
5NTCC
1F4JC
7NZ8A
3DF9B
1NP6B
3GLGA
1G0IA
6N1IA
6MACA
3SIPC
4PJOp
5MSAC
3GHGJ
6EXNM
1EBPA
4ZKAF
3UXNA
2R99A
3E3KB
3PWQI
5Z91A
5MDXB
3AX2E
4LL7G
5YVNA
3BUWB
2BHLA
6LKBA
2OOXA
1E59A
4N8MC
5IXKA
6ZTRI
2H5KA
1AD6A
6Z86D
5AEXD
3R2PA
1ZUD4
6FVUR
6J74B
3DOMB
5M5RA
6QG2A
2VODA
4D8JB
1I1RA
4II4C
6WH5A
4UKDA
3NT1A
6MC1C
5NRWA
6QPQD
2Q85A
5WA5A
1ON8A
1E4KC
1ND6B
2HODB
1S95B
4U6CA
4HZFA
4ZJLF
3JSVD
4DORB
5K8VB
1A2LA
6MUXQ
2EKYG
3EQSA
7K4CA
3N86J
3JXUA
4BITA
1BOYA
4LL7B
1G6YA
2J3WF
2XY8A
1F2HA
3I3MA
5M2MB
1KFXS
1XK8D
5JJMD
3NCUA
5CD4F
3D55B
3F2OA
6THGH
4IHHF
1YK3E
5A2QM
2HPHA
6TDBB
5NSSA
4ZNEE
4EOOB
3KJFA
2O4HA
5IOKA
6U3VC
3SHIA
2HEVR
4IFIA
3I3JE
5JPGA
4ML7A
5C77A
6OM7H
6F7FD
4D8JG
6CSSB
4CFHB
5LOBA
2ERSA
6IZQA
3NMZC
5OD6A
5SUYA
2Q4YA
3FFKA
5VPAA
3GFEA
5D2MB
1FCZA
2H6TA
4Q7JE
2IQ0A
6P0CA
5EXRD
4AJGA
5DQTJ
2JIXB
4LGUB
3Q4NB
2KIDA
4O1VA
4ZJRD
2XNYA
3QS7D
1RPLA
1KYYB
3J7HA
1XPIB
1RKSA
2XACX
6H59B
1P9MC
5VHSY
3KJQB
3VU3D
3PB6X
4PC3C
1OAPA
2ZAVB
5DFIA
3X0FA
6N60A
3IVVA
5A4UA
4C92E
6QFVA
1GC6A
3B4VD
6MXXC
4HW4A
1GL3A
6BBMB
3G76A
6U9DM
3JV4B
3V3BA
2WWBB
5H9FF
6C45A
4ZGYB
3REEA
4A0ZB
5LHDB
5M2CA
3HPQA
5A2QK
7BQ0C
5J7EB
2A6RC
5VVKA
5NAJA
4OOGC
5E8SA
3D55C
3W2TA
4JV7A
6F1CD
1WAWA
2YGDA
6KBZD
2XQNM
1ZZJC
2KVEA
5LOBB
6F23A
4CXAB
1PYIB
1BU1A
2HNPA
2PQ9A
1HWTD
1KDOA
3KUTB
2V83A
6D6QC
7CFYB
3N9YC
5L2OC
3FH6B
3K9SA
2Z3QD
4AJMD
5KGTA
6O9M1
3SSWN
4IFNX
6KMZa
5KUGA
6U8MB
6VIYA
5ND9V
3MVIA
3BIID
6FGAJ
4PVZA
3D9SC
2GYRA
6J3OA
6GCFB
3RZ2A
1QSMD
4CL7A
2ARWA
6SBIA
6HMAT
7CEMA
5EJ4A
5SZWA
2B3LA
3LCPA
4ERSA
6RBES
3RW6B
6H2GB
4DX7C
4U18C
5JPGB
5IDZB
3CM7A
4OWXB
3O23A
5D6EA
3MUPA
1PKVA
3P13A
5WFEB
3LMNA
3N84B
2ZKFA
6F6UA
2MH9A
1A4VA
5ZYOC
6CHTS
4M3EA
5SYND
2WWFC
2AOXA
7CGPD
4BFLC
4XZUM
6KJ6B
1KPHB
4NR4A
4JNCA
4U17A
6EOKB
5K9DA
5TZCC
1ILQA
5M80D
5K8VD
3PZKC
4Y7JA
1FDHG
7CJBA
1B6CB
3RDVA
1EFXD
1GCUA
3GJ9A
6KZEB
4KL7A
1PKKA
5A6RA
2YC0A
1FZEA
5H84A
2XNXF
5OXSB
3LNHA
4N8MB
3HQ5B
5FDZA
2JTSA
2VEWA
4GUOB
1D8LA
4C4WE
3T7GA
2O53A
5QIMA
1RKEA
3VD0A
3GGJA
3FGND
6Q9PB
6N89A
6LFAB
3LNZA
2R1DH
4EB9C
1NI6C
1J5KA
3QKVB
3AI8B
3CB8A
3JSVC
3FKIC
2RSVA
7LBAF
2F6LA
4QR9A
3ZNQA
6Z9PG
3PVVA
4MDQA
6RNGA
6PSRG
5CIQB
2OYHD
6F22A
4AYVB
6HR2A
4ORAB
5OSHA
3M9XA
4D61I
5U7IB
1GSDA
1HK9D
6YEID
6P9HA
5AKA1
5IW5B
1G2LB
4H2ZA
1CSBB
4FMNA
1EJ8A
1TIJB
6CHTE
6IQQA
3GH8A
1JWBD
5VPFC
5EX7A
1PW6B
1LC3A
1NN4D
3SGJA
4ZA0B
4G0OB
1GT7A
1GAWB
1GP5A
6ZA6D
6AXQD
6ZR2U
6FYKA
4V2SA
6P9EA
5VNAB
1CDIA
6OZMA
2KXXA
5LOWB
5OJOA
5MG3E
6FLQF
1QO6A
6O9LM
3FDOA
1VRCA
2QZDA
6CZFB
5VP0A
1H3QA
3JCMd
6YAWA
1YJXB
6I3VA
2G2DA
3SJBC
1M38A
5M78A
3GHGL
1W68A
2QVFB
5KB5A
4Q9VB
3LGNB
3B23B
2OI6B
1SFCJ
1FFTB
5JJZA
1J86B
2WDVD
4U7UC
4GPIB
3SP9A
3TWTA
4NAUA
5SVLA
6IGOB
5QQDA
6O6FA
4PSQB
3P11A
1Q9MC
5F3XC
4IHHE
3Q6BA
1VBMA
4MAFD
6CBTB
1KHUD
1X9XA
6FVXD
6FOGC
6CZFD
2NPTD
3MAYD
6U7EA
4G5QA
5N6OA
4YS7A
3MA2D
5J4QB
2YH5A
6O9M4
3LBCD
4QGKA
6HTRC
6ISUA
4ADQE
5YMYC
4KEHB
1OPJB
2VH6B
2RD5B
6GCMb
3T3MA
3UMNB
2PUYB
6C6SD
4G0NB
7L68B
6W7OC
2Z7AB
1NLMA
2QLPD
7K2DA
7K72A
6PWZB
5HA9A
5GNJA
5C2YB
2Q7MA
6Q2SA
2RMJA
3W6RA
3LBCA
1B8MA
1OO9B
5O43A
1Z8LA
5SVMA
3F81A
6V2DK
6DA1B
3I2OA
3U2OA
4A94A
4ZMTB
6OMMR
4JS4A
6M17B
4FQND
5VPCA
5J2RA
3KUSA
4JS2A
4JE4A
3BBFA
6XMJC
2O06B
7JOFD
1YJXF
6GCMA
3MB7A
5ETPA
6E5BK
2DG1D
4LOOA
1KGYA
1RUNB
6Q42A
5D2MC
1W63A
4S1FA
3VD2A
6D2LD
6YEHB
4P2RA
6K3KA
7CJ0G
2V7EA
1X50A
3PVBB
3U15A
1YOVC
4A69C
6DNEA
1HE7A
5OOBG
1X7ZB
3WJJC
2EPIA
2MTPA
5T2QA
7JOFB
6MUVC
3Q0JF
4RC1A
4R18K
3T47A
4F0AA
5VVSA
3O9PA
6GFWB
5HWLA
5ND9T
4ZGZB
4ZJLB
1IJZA
6NF7A
2IDOC
3B5NK
1RJ7H
3IFKA
5CITB
5YURF
6AMNA
3SDIF
3V69B
4E4ZA
5LVRB
5ON1A
4PC0A
5X6MA
6CBRA
1WWHB
1XKQB
1C4RB
5L2WB
1GU6A
3SHVB
1OYJC
4O5UA
1AJYA
3GLFC
6ZTBI
3VIQC
6U9DJ
2EUAA
6XHSE
1OIZB
6Q97D
2UWRA
2RKZA
4R5BA
1M52A
5C7CA
1OIAB
4GXGA
4X5WA
4L41B
3EB1A
1XS9A
1YN5B
4PZ3B
5O6ZA
2CM3A
6L7GB
2NVUA
5MZEC
1INIA
3PJAB
4BD9A
3IRRD
3VOEA
6POJA
3JV5C
3E1OA
6JFVD
5XKMD
1YJMC
2Q8ZB
1T34A
4G96D
1HYNQ
3HM5A
1D3BD
4ZVZD
6TC0A
1YNHB
3SMEA
3SZQA
4P8TA
2NBVA
4R4HB
4KNGP
5VVRB
4GZ9A
4ZN3B
3OEIA
6EDBA
2B44A
5M6MA
3BPNA
2HLOF
5L4UA
6Q42B
1VHHA
3HB5X
1YJXJ
3IR6B
6O58I
1LQCA
3FMPA
3SDIC
6QCKA
5Z38H
6ULTB
6Q9WA
1YJXK
5DN2A
1LCJA
4RQ7A
2GK1O
1SJ2A
3SOUB
3KTPA
3A7OD
7AK6g
3CM7B
2QZHA
3MTRB
7DHIB
4N1UA
4D61K
4HBMA
1Z1MA
5O9Zc
5WRJC
2K8GA
4GXGE
5M3DC
2HQTJ
4FQNA
3N1RA
3W1ZA
3WKSD
6QHJA
4RQIA
4BL5D
6W30A
4FCIA
3GWXA
5XF0A
5B1NA
1QVCB
3TSRB
1GYAA
6IQ1D
4LEZA
4CR3D
1ITYA
6SBIC
2EV2B
1ARZC
2Z5SO
3JV5D
4JYKA
7DVQ5
2PQNA
3W7CA
2OVJA
5K74A
5YJIA
7NQKA
1M4IB
5FI0H
1D9KC
3CXHE
4K7NA
2M07A
4WEEA
1IMCA
1JL4D
6V7CF
2FH0A
3KS0A
4J3JA
3G3UA
4HW3B
6ZF8A
6FKJC
6ILSB
4N90T
4N8MD
1OY3C
6UCMC
6K5WA
4K8VC
5VHSc
2P6BA
5O2CA
5WH6B
4EMNA
6CCGA
5M5EB
2AO2A
2MP0A
4L4ZB
1BPZA
6QULL
1MT6A
2WYJB
3O2BC
3TWYA
6OZOA
3EAEA
5KEFA
5HMSA
7K4EA
2JZHA
5MMZB
4KB0A
1AHNA
5U0SR
4IEMD
2H9GS
6GYNA
4MP8A
3DABC
5GGOB
5J9WG
4M00A
3E1ID
2DYHA
3UO9D
2FZSC
6VSUA
5MUEA
1BA5A
5AQJB
7AAZA
6P8AB
1VSCA
3PW8A
5UEHA
3SGIA
5AQOD
7EAOA
3DWMA
3PNLA
6EPD2
4ZVHA
1LD8B
2HAKE
3DABA
6EZEA
5VVRI
1RJ7K
4NAAA
5CLQB
3S9YB
1A2KC
1KYYA
1A8FA
6GPRA
5ENGA
4WFDB
3PO8A
1R5TC
3ZVMB
3BKTC
1LZWB
1M7QA
4FZZA
1BFSA
1H82B
2RIAA
5O4EE
3T4AG
3F2OB
4OW1U
2YIND
2V87A
5Y2UC
3ZS8C
3VHXH
5T2FA
966CA
5ULAA
6O3XA
1HFCA
5VNAD
6DRVA
3N84F
5LVXC
3J6LB
4IHGA
5NSRA
3OBVA
4RRFB
5UFOA
4U1AB
2K29A
3KOBC
3O8EB
6B0IK
3I3JA
4JGDA
4QQ6A
3NBKA
3W7RA
1IJEA
5Y39H
1NWSA
2FR5C
2V8NA
6VVUD
4CWDA
4EC4C
2EVZA
2PR3B
1PMLA
3BS1A
4K4IA
6U9DB
1IEPA
3OW7B
1DDVA
1KG3A
4N0AB
6LFME
6V4XE
5SVEA
5UK7H
2XGQA
6QZIA
1N86C
1G0SB
6YAWB
2W1BA
3G76E
5QU6I
4ANMA
3IWYA
4WFAG
6B9XB
6HMAH
3CXQA
6LQMC
3SHUA
1FZEC
4DSAA
5S78B
6IQ1C
1LT9C
1XIWE
6V2HG
6CTDA
3UUXC
1Y11A
4KEHA
5K9VA
1Z56B
4W4OB
5PAFA
6ATOA
1JH1A
4QVBA
1PBWB
6KC4C
2IY2A
6R6HV
6MXYA
4QJ0A
2AG5B
1NUHA
4GGAA
2GRXC
1SYXA
4UI9E
1LT9F
5B83A
3QHSC
6N7RL
3D9SA
3DNGA
3A4AA
3RPUG
5MS0A
1PV2H
4ZIJA
6R7FV
6SUKA
2BH2A
4GJQB
1ECGA
4WB3C
4AVVA
3G4KD
5C5SD
1FQVA
3JZRA
6N2UA
5BXUA
3L0JA
2GV6A
3HQAB
6GHMC
2E3KD
6Y0QA
3PUVG
4NFKF
1UW4C
2VBSA
3IKOH
5LNSD
6CD4A
2QKHA
2GOOC
2IV8A
3A7AA
6I67A
2PITA
4NAUB
4S15A
3HQBB
4BSSC
6Z52A
2WHBB
3WJJB
3MV2B
3V95B
4C4MA
4W4NA
2WPVE
1QD6D
2QJAA
6EPD5
4QUFA
3W4YA
5L13E
6MBPB
4MSJA
2LSBA
4H95A
2JZOA
7EGAc
2QV6A
1A3AC
6W7OD
1T9GC
3GURB
3IIKA
1UB4C
5JTOA
4Z3DB
5UYLZ
2AACA
3B2EH
3UA7D
7LJ1b
4K4HI
1ZDXA
4ZKAA
2HFPA
1EDYB
6I2TB
6QYPA
4A0ZA
7DA5B
2B0PA
3KCFC
6N6JB
4C16A
1GUAB
4K7OC
4NTBA
1KYYE
3OEIB
5J3EA
6VCLB
1Z87A
3GV3A
3OEEO
6FW0A
6ARBA
3AY4B
6DDER
2LXLA
3M03B
4DEPD
6EF0D
3DT2A
2C2BA
4FAOE
5M5EC
2R8JA
6MSLB
1RE3F
1G1EB
6CF6A
1KO8A
3FAUB
6QEGA
4DO3A
1CTUA
5AKAZ
1G73D
3VI6A
2YVCC
3QK5A
6CO1A
4QVTC
1T4NA
3A7OF
3O9MA
3FSXC
4PUFC
6OGXG
4P3BD
5MQGA
4P7KA
3SIPA
5O66A
5LFJB
4JLGA
1XFGA
3NOAA
2WOUA
3L7UB
1OQJB
2B2NB
6SJFC
1GU5B
6IQSB
3MQBB
4YT7L
5HGJB
5WG8A
7LFOA
1FR0A
2XVAD
3FAVD
2WINI
6MUWI
6OQMA
3PKNA
6SJ6O
1XXOA
2QJGA
3N84E
3MT6R
2C59B
1ZZWB
2K8VA
3LSEA
5ABDI
3IQLA
1U8UA
3RYPA
3B3GA
5UVWA
3N52A
3FS1A
3CQRB
5VSUC
5VPFA
1REWC
3ZZIA
3VIRA
1GAQA
3QHSD
3F5XB
4YXCB
5VVRH
6TQOG
6THGD
1OSCD
1OS7A
6NBAA
5D7NE
5EFQD
5LFJD
3IKPB
1J70C
1GETB
2XE6A
4HEUA
5OW8A
4WFAJ
4PUHA
5LAXC
4LAWB
2Z77D
6WGSA
3FCUA
3BZMA
3H32F
2W9LK
6GMHD
2Z3KA
4KN0A
2DYNA
6L93D
3N4MA
5VNBB
4C4WB
5ZYNB
5MRFZ
5OWLB
6H25D
2P01A
2XYGA
2ESWB
4HW3D
2A6WB
5FU7B
4MQ4A
4WMRA
5EFQB
1QG1E
4H6IA
4I42C
1QRQA
4AQDB
5K7UA
6MG2B
6Q9UA
5I9JA
1GQTB
5OPCA
3OB2B
5UNPA
6H6QB
5VPBD
7KDWB
6BM2I
2V2TB
5VS2A
5A0MA
1RHWA
6AYIB
1C45A
6Q39A
4C4XA
6KHEA
1CWRA
6YE3F
1K2AA
6PWZE
3JV4F
2VREC
3MQIA
1I3OB
2JG8C
4PSWA
3DP8C
6EJXD
1BJ1V
2V89B
3N8KD
3ZRFI
2OUZA
3ZMSA
4EC4A
5LOWI
6C9QA
1YLAA
7DR6e
3GUTB
6I2PE
3SXUB
4IMOA
1F5MB
4GUOK
4A63H
2R9CA
6HU9a
1OGHB
2BTTA
4ASWA
1G82D
5MRFH
3NIIA
6HR2B
3LOGA
5ZJ6B
3RCWA
4PJOG
6I2TA
4DHJA
4WVEB
3CM2C
5BNVF
5H6RA
3MPWG
7MCFB
6IF1A
3ST6A
4JCHA
5NZ1G
4MSHA
4IHGD
3PILA
1FF5A
2O9AD
1K3ZA
6U9DE
1H89A
2BYMA
4WV1F
4ZFIC
5Z38L
6ENPA
2HA8A
6V8WA
1XNAA
2HQTL
1U5GB
6P05A
6BB2F
3LCNA
6DBHA
2N0YA
5DQTN
4V3LD
1NP0C
5FMUD
2PKNA
2DG1C
5LD2D
1BRCI
3MDBA
7AX1B
3SP4B
3PHCA
3NIFD
6ATOB
7KP4A
6P4GJ
1CO0A
1A6AA
6SZQC
6ZRDA
3CQZI
6VWNU
2H27A
4WFDH
4G24A
7K3KA
5FI0B
4ZNXA
1KNCC
2CAZF
7K72B
5KL8B
3WKNC
2NQPD
1SNOA
4Z99A
4RRFA
6MK0B
6ILSA
5L4KQ
4XQNA
4XZRB
5UZ4K
5LM9A
4IG9G
2CM2A
1QFPA
5A2QD
3NW6A
1SG2A
4JHTA
5DDYA
3FLGA
2YY2B
2Z3RL
1DEHA
2KN6A
1WQ1G
3IUXA
6NIDC
6XZQG
3EW0A
3VA0A
5VSUE
2WO5A
2V5FA
3VD0D
6V3NB
1WLZC
5M7VD
5ANTC
3QF2B
5YK3m
5M7VC
4AONB
1EDHA
4B8WA
2LRRA
3GWXB
7CHZI
5IW4A
1QPZA
1JQQD
1IBRB
2WGQA
4J2LB
5FV2W
5TGHE
5CSUA
6BB3A
6GK0A
5XR2A
5NIFG
6Z6YA
4EC4K
5OOMu
1WYXB
3QLWA
6AKRB
4UUKC
6P3AB
1P8JH
2KJCA
1MUYA
2O0XA
5H7PA
3EU9A
4FYYD
7DRWC
1LQFA
7KK6B
1H88A
2ABLA
6T1WD
6FHQB
5E4XA
6W9AA
5FE8A
1H52A
5XKMA
6CBRB
1DO5D
6SVYA
5SYMA
5XTBF
1EQQD
3GJ3A
2WPAD
5MU8H
2YYNB
1PM7A
3FC0A
2JYIA
2WY2D
2ZHNA
6Q2IA
3MPWB
4AQLA
5IILA
6EVNA
6VACB
6H2HB
5U6SA
4LGEB
2WU5C
1SCED
2HSNB
4ZR1A
6O10A
5UK7F
4K1RA
1M61A
1T9GS
6YIHB
1BDCA
5ZIDA
4WXQA
5AB8A
6S05D
7NVZX
4CKDA
4YGCA
2NTEB
4DNTC
6U74C
4MSJC
4C5AB
1C8PA
4W93A
5CD4G
4U68C
7KH8A
2QD0B
5Z39A
2MPSA
4UY81
1KPHA
1G6YB
1M63E
1NEZH
6WI3A
1GMYB
3DI1A
5WGMB
5VPBC
3A7OB
1PKQJ
6WA8A
6BM2E
2LLOA
1T65A
4CT7A
2HODJ
4R8UB
6UMDB
2OB1A
1G50A
2F6LB
4CDOA
6NAOB
3OVUB
3L40B
1TNRR
6QVXS
1RMTA
4ZVGB
3VA2A
6HRMC
5CXDC
6F1HA
2HL5A
6EBLA
6QULW
5C6HA
1G0YR
7MR1D
2P7AA
5MMJl
3PV0A
6J99K
4UUZC
6CL0B
3HOXI
4CKVX
6L7FA
3HCUC
1YJXA
6CW8A
1T9GR
2LAEA
3NH4A
5OG0A
1K9JB
1F7WA
7JPPB
3MFKA
3DP8A
2YVCB
6D6QE
4UY1A
2O06A
2JSAA
2RKZC
3K6TA
6L6NB
4BL5F
4XQJA
1T9GA
3GLSB
4QDSB
1E2XA
4PJOm
3BEPA
4UX6B
1KNTA
3N52D
6HA6A
5U3SA
6ZA6B
6F3AL
4AJ3A
1ZZJA
5AQPD
2FMME
4U7UK
5FTTC
3P7FA
3KO9C
6NB1I
6YE3C
3H8DB
5X6UA
1ICUB
3NOGC
2X18A
2LRVA
1G50B
2EZYA
2X5WA
3GJ9B
3K2SA
2J0TA
3SXUA
5VVLB
2RPQA
4X4MA
1E50E
1FZBB
6CSQA
2K11A
3JCPC
1EXXA
4IN4A
4IN3C
1DRUA
5W7YA
4TTCA
6E3GA
6MHCA
4F7UJ
1UXCA
6CN5A
6ENXA
5FU6B
4WYDA
3DYQA
1XTNB
5H5EA
4MRDA
2V1RB
6F64A
4HZFB
3OEDC
5HM7A
6BW8A
2DEUA
2Z15B
5JNSA
4Z9HA
2WA9A
3FCUE
6H25C
3KFAA
1DY1A
5EN4A
3VU3C
6GY2A
2PSMF
1HJNA
2IOGA
2GXBB
2Y43A
6KYTD
5M6LA
6HAXB
6NTZA
1LX5B
3KMRA
1KA0A
6Q9SC
3ZDMB
5U6VA
4KIUD
4NPEA
2MF2A
3CKLB
3BEBA
3BPWA
3TCHA
6AUMA
6AZEA
1RJ7L
2UX0F
5M4RA
6G22A
1EXTB
5IW4B
1YL7B
3VYYB
4YCIB
3GAEA
1SSHA
6Q8ZA
6IN1A
7BODU
1TLBA
5CLLB
2V1SF
1QYNC
6S8VD
6FLGB
1PSDA
1TTGA
6XL8A
3ESWB
2QFBA
2WA8A
1OEEA
3MPWA
6ULQA
1ISAA
4X4MD
3QHSH
6OBNA
1NSIA
6QULU
2LSKA
1U3CA
3P5CL
5IZ0G
5YBVA
2IWWA
6IXVE
3K75D
2FD6A
5ZYOA
5EU9C
5XTZC
1FAKL
5X9BA
7BOGV
5EKIE
2NDOA
1C5KA
4JZ1A
3Q4RA
4GYPA
1SEBA
3K48A
3K8CA
1F7XA
3GHGF
6FOGA
1HWTC
3TJ2A
3N8MA
1POY1
6MACC
4HAEA
5H07A
7ADCV
1M12A
1YZ3A
6CZZA
1XARB
3NIMD
3Q5XA
1KQ1H
4V2SF
2C7NG
2W49A
1FLTW
2NYAA
4BDTA
2RIDA
6MC1A
4MSCA
4II4B
4XPUB
6DA1A
6D8XA
7ND0A
5ELSE
2Z9AA
5JBNB
5VNAA
3OTCA
3NOCC
4J6PD
4OY9A
5LFJA
3DKUE
4ZMZA
3A5JA
3NHNA
1G6GB
5C4VD
1ZVLA
3GIBA
3W87A
6CUXG
3G0BC
1Z6TB
5XJUE
3GLIF
2G70A
5KNYB
3UNBN
6L6IA
6O5BJ
4ZNXB
1W8BL
1FHWB
4PE8A
5L3LA
1BS2A
4HJ0A
5OOBJ
2XDJC
6CHPA
4WPFA
6K5RA
1H7RA
6KGIB
3DKNB
2JG8E
4BLWB
2SEMA
5I80A
1D3BH
3N97C
3B5HD
4ROVA
2RK8A
5NC5B
3L40A
3BKTA
4OD0A
3B0IA
4WB3A
3RDVD
1GLGA
6TSHA
3FSYB
4LOQA
5XS0A
5EU9F
3DIWA
5DS5B
1FYRA
6QLBE
1XQ9B
2NLWA
3PB4X
5T2AT
2J8SC
4JXEB
1BKAA
1BO5O
5OTXA
2GSKB
1RFAA
2D5KB
2MX1A
5VARA
4U7UB
2LI6A
5VPDA
3QT2E
4K24A
4WZJK
5N9PA
7BUJB
4YDYJ
5WRIA
3FISA
4NXTB
2GPOA
3PV0G
3OFNM
2WFJA
6U67B
6OQDA
1F4JA
3JZOA
2PCUA
4QSYA
5UKDA
4KIUA
6LOXA
3UC5A
4KB0B
6ULVA
4YM1A
1GO3N
1TZ1A
2MBRA
5OOBD
2GTEA
5Y39G
1YK3F
3ATPA
4ZJRB
6FPRA
5CR2C
2MPMA
6EO0A
6LQXC
2Z3RJ
3N3MA
4RRFE
2GRCA
5UK7B
3L7HB
5U28A
1F0QA
3SIPB
3ENZC
2VG2C
3SL4C
6IJRA
6IJRC
4HMYA
3FTVA
3IE4A
4MYSC
2N0WA
4MXDA
1C4RE
4AL1A
2VREB
2CIAA
2NYTC
4BL5B
6DD7A
1TC2B
6PBSC
2L4NA
1EYGA
6A6JA
6WGVA
3O2BA
6XLPA
4N6MA
6D0AA
1LR5B
3KO6A
5E0MA
4AL0A
3K6BA
3NZIA
5DFWA
2H5KB
3BKUC
4MAFC
3GGRC
4FMOA
1WWAX
2JQIA
4R2GL
7RJ3B
1BQOB
1W1HC
2WWHB
2JG8B
6O9HD
2MPHA
1I9EA
3DI0A
2HSEB
5FKJB
3O2OA
5X8SB
4OI4A
3NH7A
1W1HD
3P9WG
4TW8A
4NR1A
6FGQB
2O2VB
1OJGA
6LYWB
5OF4E
2A00A
2ZU0B
5ZUJA
1OQAA
6L9NA
2BH9A
1TIJA
4X9RA
6WWJK
5DZZA
4UN0A
1D2ZC
2VN1B
3QN9A
6K5VF
1GLPA
3R5RA
5KIJA
1Q20A
6F8RA
4YGXC
3IAKA
1H9GA
6WOOF
6JBQF
6ZD0B
2WH5A
2PEYA
3DJ3A
6CHTH
1WSPB
2KG2A
5IC4A
4XQND
3S48A
3L8EB
4UEAA
5B83F
5BPBD
1M4RB
4Z9IB
4M3DA
3U15D
6I29A
5C4VF
6O9M3
4ZOMC
3QT2C
3GZNA
2BGEA
4X9WA
4QYZE
3WN7A
6IMZA
5T2QB
3PBHA
5G6UD
4JGHB
5CU9A
1TA9B
1E50Q
6CYCA
4NYXA
4ADQF
1OJDB
4CSKA
6VRIA
1U5WH
5ETHA
5W1TM
5U77A
2WBWB
2FIFF
5BXOA
1VA7A
1H2UY
3B3FA
3KURD
3GTKC
5T6JA
5LAZA
7NRIA
3PVNA
2LBDA
6L7GC
3PFUA
5EU9A
2Z3RD
7AT1B
3SHTA
6GBUG
4R8UA
4MIKA
3E37B
6BDYA
5WZMA
5E3LB
6Q9YB
6QGQC
4KMLA
3KO7A
6N6IA
4MZPC
1O47A
5CXDB
4UOYA
3S48B
1E96B
2BM7B
2L5XA
5ZF8A
1HFHA
6O9L6
5NAJC
3AG2E
1YJMA
5CXYA
3AG0A
2BH2B
5NL1B
2Y7CB
2D1XC
6F8FD
5LC4B
3TH3L
5NUFB
4WJGD
4Z2WA
4JM2F
3GQZB
6U1UA
1ILR2
2RIEB
6SZQE
3DD2H
6O3TA
3PFLA
5LKJA
4EOJB
1GBNA
5ONAA
5VPDC
4GKOL
4F2BB
6CO1B
3FKSW
2LUQA
6T3JE
6N1GA
6HTRF
2XNXH
4QVTH
1P4RB
3BUAA
6ZYMV
4Z3DC
2L8YA
5Y6GA
5XVKA
2HQSB
1RJ7J
2VOPA
3KUJA
4GKYA
4LL7D
7CJBE
2I78A
3II0A
2I62D
4ZN1B
6EXWA
4LEFC
1S56A
3AT3A
5HZQA
1GOSB
5UGVB
1K9YA
3C5TA
6RMJA
5ZAUA
4Y7JD
2OYNA
6KXWB
5YVEA
2VB3X
2J0TB
6NUCA
4ODEA
2JNPA
4Y18D
3CM2J
4WF9J
1TLFA
6QNOB
2PKMA
5W1FF
5NQCA
2Z77B
4E5YD
6WHZA
3ZIAF
4LDQA
3VKNA
1FZEB
3FEAA
5TRFE
2RQAA
1JL4A
1AQDD
6UINX
6LSSL
1DO5B
7F79A
5IQQA
1UUXA
1F9PA
5LJ8B
2P4RA
6NIDA
5LZCY
2FHOB
3WKSC
3G3QA
6RI7B
4BC0B
5GGKA
2VY2A
1U6ZB
1OQYA
1FZGB
4EC4E
3UYOA
5FKJA
5O9ZO
7DM1B
1U7VC
2XAJA
6O9LS
4LGEA
2C4EA
1KGJA
4KFWA
6LDIH
6VLZO
1Y96A
3OFHB
1DZYP
2H1EB
4YLQT
4BT9A
2V74D
2G1AA
2L9WA
5WQLB
2KSBA
1MZOA
2OXXA
1WLZB
6QMKA
5O9ZJ
5PABL
5TBKI
6NYPB
5YK3C
1GLFY
7DR6L
4G4SG
2BM4B
4WYDB
3SSDA
4OW1A
6V7CB
5VVLF
5M4RB
2FNFX
6D13B
2AKAA
3O4XD
5J9TK
5LPKB
1HCEA
6Y38A
5J7FB
2L0WA
6Q92A
1DU3B
3W4YC
3PNWF
3CM2D
2RIIX
5U5SA
4A63F
6Z86H
7K6SA
1NVPA
1OS7B
3QN0A
1FPUA
4RQ2A
6NBAC
6MPBB
6QVOD
7BRMA
3EZQB
4G9LB
7JRAA
1JZRD
2QSGX
6MG1A
5GMJB
1FNTD
1D1PA
3ALRA
2Y1LC
4UECA
4Y97B
1EC8A
2VVQC
6FOLA
4ZX2A
3FCKB
6DKJC
5N9RB
3GH8D
2C0EA
2WQTA
5ULAB
5U0SV
4ZMTA
6META
5AQID
5QRUA
6SZQF
3ND2A
6DATA
4AYXA
4I0CA
2KR0A
4C3ZA
5UMMA
3F47A
7F79D
3PILB
5LAYD
4ML2A
5MDXG
1ITMA
3LCNB
1NYSC
5IAWA
2D1OA
4XOSA
4G5QD
6OUOE
2K9AA
3OZDA
1W4RA
4GBAB
1P8TA
4MD7H
1IMCB
4PXJB
1WVZA
5EKQD
2RD5D
4DOIA
3I2BC
4S0NB
5H3JA
3NGAA
1QSMB
2OY2A
1YZSA
3NB3D
3TVJB
5XR2E
3KT6A
3VU3A
4MMMA
1HJDA
6V4PB
2RICC
4IFDG
4NH1A
5CPSA
5YOYJ
5O6XA
4ZGZD
6UL7A
6RCTB
5T19A
1HJBA
6F0EA
1XP1A
5OOBB
3I8XB
2OPZA
2LJRA
3ONLC
6VIWB
1UFQA
5F9SB
3VIRD
6BR3B
3EUHC
5H86A
6V2DG
6XARB
6EQSA
3C0XA
4JZLB
3HHDD
4GDMC
1ZZJB
3UTLA
6GFXC
6ZDXB
2LPNA
3SIVJ
3IWPA
2JSOA
4OV5A
2H43C
3B08K
4U40B
1GOSA
1PO3A
6QULF
4BKPD
4DGLB
3FSYD
6OULG
6WWGK
1Q6QB
1YONA
1FXJA
6UABA
6N6JA
2O28B
6WWSK
4IJRA
4C1IA
4U43B
4DHJL
4PXJC
3SSEA
3HRHB
5Z58b
3B08B
1MWJA
4LRXA
3CXHG
4FVTA
7MR0D
5AWFB
5BPBB
6JY4E
3ZIAE
3O33B
2QLPB
6YLYN
4MIKB
4WYFB
6U62B
3J5SD
4GV8D
4Y7JE
1CB6A
4Q7DA
5J7FD
6DZ0A
5G0HA
1NYEC
4JYVL
5UZ4L
2MIBA
2AG5C
7NDID
1T1LA
4Q6YA
2JNBA
5Z38F
1G82C
1JPEA
6DVRA
6EY2A
6STYB
3I5QB
6ACOA
4C4NB
2VHXE
1LHOA
7KDWA
2QCPX
6QTYA
6Y9NA
3L89M
6CBTA
5H1XB
5NIFD
2RUKB
4R3EA
3N59C
5LKRA
4L5ID
3GJSA
6BTQA
5MRFC
5N9JZ
6EM3C
2XNXI
3V9XB
5OD6B
2E0TA
5JMNB
6YBSa
6YEHC
1J6TA
5VNBA
2R1ZB
2WPVC
2AXDS
1HZEA
1AM9C
5EKQE
4FOEA
1FT1B
1GETA
2CMCA
5C5SA
4B86B
5X6ME
3E1JA
7LBAA
5L2OA
3V95A
2HLOD
1WWHD
1RF0B
2GMWB
5EGLA
5TWXD
1GD5A
1F9EB
6I9RF
2AVUB
2UXXA
4NL5A
4LM1B
2HUZA
6ARHD
6B3EB
5SVAX
3MUPC
5YLZN
3AY4A
5IQQC
6S9ZA
1DY0A
2Z77A
3FSXB
7RJ3C
6ASOC
5VVKC
7DR6N
6G7OA
1HFSA
5ISCC
4PZ3A
6VJWA
6FTAB
1MBXA
4A63J
1DUBA
5W1FD
5XZBA
6O5VA
3DKUD
5T3NB
6E6JA
1R1VB
5IAWB
2O6GE
5TICB
3ERDA
6RMUD
2L26A
5U2RA
5OCJA
6XH8G
4P3BA
2QJIA
6FGJA
6WHNA
2AKAB
6UCMB
6G2Jg
6D2LA
3I8ZA
4V2SD
2FUAA
4ESRA
2R8JB
2M2IA
6X7CA
4BL5A
6JMRB
1OSCB
3JZQB
4C5FA
3QBYA
4XMBA
6U9SC
4FC6B
1ONIH
6FFEA
6DNDB
6C7GD
2V9HA
6GY5A
6CVED
3RX2A
3GGRA
4UUSB
4YS7B
6F8WB
4QDLF
4GYPB
4G9AC
5D6FA
2ME9A
6SZSF
2W9LV
5N9TB
6H2GA
6VSUB
4RSUJ
5KA1A
6CFVA
2LZGA
5IDZA
4CN7E
7CF7A
2W9EA
4OZGC
6WS1B
2UX0E
6XX7A
2MRJA
5M33A
5SUYD
6FN8B
6OQBA
6BW2B
2GWFE
1KRUA
4KI0G
4KN2C
3PB9X
6QELE
6MBOA
1A5HA
1OESA
3RDVB
5SXPA
3FGNC
2H1EA
2AEBB
6YBSm
1TWGI
1SL5A
4C0BB
4FXEB
6EXWC
1QB3B
4RAEA
6KXWC
1EM8D
3D4VC
3HCNA
7K4FA
4NEFA
3IKPA
3HUSB
6MXZC
3G6DA
2W9LB
2GAEA
3NFLA
6U9DA
6HBYA
5Y4FA
2L4SA
1M5NS
6EHRA
5ELSA
1UKEA
2VEXA
3ZS8D
3ZDQA
7BBLA
3PVRB
1RLAA
7D85A
6C7EB
4D61F
5ME1U
3IB8A
1H9EA
2GH0D
6YW6E
1IHRA
6CFIX
3X23A
2EYQA
2NBBA
4P6ZG
5KWYD
2D35A
3GQIB
6FX0A
4GXGD
5T36A
1XTNA
2RELA
5TZAB
4KI7S
3GBQA
2RCWA
3F6UL
6FVTG
3MQBA
5A2QO
4Z0LA
5Y2FA
6UUNE
1IHRB
3C90X
4E9EA
1YFNB
4OZIA
2LYVA
2Z3OA
5K7WA
2KDVA
5Z9KA
2HXBA
6MJ7A
3C59A
5EA1C
3UWPA
2MMGA
4OW1W
6X26A
4YEFD
4WPBB
5NROB
1IKAA
5OOGA
4G3XB
7C04A
1T43A
5M3TB
1BHXF
4D69A
1G6NB
3IQSA
1G7CA
3I6PA
6SJFD
1G73C
1ZKNC
1EF7A
2EPIC
5LUF2
3L8EA
5TGJA
2YJAB
3QS7B
6Y9QB
4D08A
6C9RA
3LKUD
4DRHD
4QTEA
7NRIE
7D3DA
5PB5A
4C4ZA
3N3BC
3RWVA
6FVUD
6AN6A
5VWCA
3FGTA
4AB7A
6O1FI
5WDTJ
3SHDA
6V4XG
1LJMB
2JQYA
3SL5A
6AG8C
6XIYA
7AG1X
6NGLB
4Y5OA
4P1ZC
4JBWG
4RC1F
2HDCA
5WFED
4YGDA
2ZAVA
3P9WA
3ZVMA
4Z7NB
4Y1AA
3SL8C
3D4MA
6B5IA
2I9AB
4RP8A
4A4GA
3KTRA
3ANSA
1HWTH
1B1BA
1ASYA
1C4RA
2AN4A
2CNLA
5MRLA
3A3KA
3QT2D
1G4YB
2AOBA
6LW8A
3ZNVA
2C49B
3CUQA
6ULVD
7NXJD
5UUMA
7OGMD
2XVTD
3HIKA
5HMSB
3VIRC
2CMKA
5U4XB
6D5XB
5Z58d
3VUAA
6BN6B
4C4WF
5IJOH
6O6CG
2AOAA
3ZRFC
5Y6HA
1H2IA
3Q0RA
2JNWA
5KTUA
4ZKAD
4OGBB
5J9WK
5RK2A
5MZGB
4USLA
4BJOB
6CVEB
2ASYA
5IMSB
1SA4B
1YK3C
1Y0HB
1ZDVA
6GD5A
1Q09A
1UJ3C
1U7VA
6ZF3A
2WWGA
3DRXC
3LQCB
3E1IF
5NEVB
5JJMC
5X6GA
6AS5A
6FBXA
5V5XA
4V2OA
6OQXA
4GPIC
4WKFA
4QIIJ
2EB0B
2L05A
1FWYA
2WOTA
6HC8A
2D1XB
1GN0A
1N54B
2VQJA
4QIIA
3I5RA
3A8YA
3NE3B
5SVGB
6MSGN
1JEDA
3PNLB
1NCVA
1FZGC
6FF4s
4FQFA
2D1PE
5EICA
2LEPA
5U3ZA
5APKB
2RSEB
5CIQA
2DH3B
6SZQD
6CHTT
3SHTC
6VJSA
2FDJA
5C6HU
5LHTA
3HPXA
2Q7ME
4HG3C
1T8UB
4KWJA
5OOMO
4MAFB
4ES4B
6NADA
6HTFA
5FE6A
6LQMO
5OBTE
2ZIHA
6DRDJ
6YLGN
2EVNA
4QAFD
6BM2C
4IHGB
3VBAD
4G0YA
6Z6VA
4UEBC
4DM4B
6B90A
6P1KG
2RT5A
2MB7A
6V3NA
6BBME
4LBDA
6FTOA
6HAYB
4J6QA
1OXZA
6XKBD
6BY0A
6PBSA
1WWAY
3KR0A
4C0FD
6DCLA
6MC1D
6GNEA
4EWIB
5MJ4B
6WWRK
7NVUW
3QZVA
6A78A
6CUXA
3ZDMA
3GJSC
6F0YA
5FKJC
4WWIC
2B13A
4EPUA
5O35B
4BFLD
5C3KA
2Z4DA
5H2ZA
4Y87B
1UAQA
7CFTA
6MBDA
3PNWL
1Y2GA
5VPAB
6EQ5A
6SAYA
1IVTA
7CGPE
5M7WD
1HIKA
4HY5B
5LN3C
6I7QV
2WC2A
1ABFA
6V2DI
1GJPA
1KDUA
3ZUNF
6CVHA
1N8SA
5JABB
1ZBJA
6GCFA
4N14A
3MT6O
1BY4D
4PZ4B
1EAYC
1OR7F
1S9KD
6MG2A
2V74B
3WXRG
4YMLA
6GJ0B
1RF0E
6V2HK
1K6OA
3IW0A
4Y97D
4XGAB
1GXPA
3QC8B
3OJMA
5NJ0A
2E3KB
4NIEA
7BPYC
1CWSA
3EXGB
4JZLA
6ECPB
6AVUB
6LU6A
3BPWB
5L8XB
6F1HD
6O9LQ
3CLZA
2E88A
6ZVQA
1ABEA
1RV6X
5FI7A
4C5BA
3IKOB
6ED7A
3B8KA
5S8QB
5VVRE
1K6WA
4CXAD
3G76B
4ZFFD
6NH9C
1A3AD
3H64A
4IN4B
3TGOB
1A6JB
4XO6A
2BN7A
6DJPA
4GUOI
5VDWA
1IU3C
5LEYB
1SFRC
7CFYA
7AENA
3CHRA
6CHNA
1W09A
6AWFC
1GCFA
1KUNA
3K8CB
1PT8A
1UOTP
1N3HA
4F26A
6E2FA
3VD2B
5N5ZE
7CJ0H
1YMMA
4ES4D
2O25B
1VAFA
6MSJN
4AONE
5GJQR
3W03A
4A63D
2JIXC
2IB0B
6XDRL
5AKAC
4I42A
1GU5A
1AZZD
5MYMC
1IV6A
1WYXA
2PS1A
3ZXVA
4AH2A
4MYSA
1BHHB
3GLFB
3S90B
5MRAA
4U3YA
2WTFB
2QM9A
1YK3D
3CLXA
2A6QB
1TYEB
6VGJE
1OHDA
3LOGD
5C0WL
1E0BB
2VBTA
6P9HB
1Q6TA
4A3NA
6DNHC
3BBUA
4NPNA
4CG4B
4OCZA
3GNIA
4Z49B
1A4LA
4A53A
2ZVSB
4LL8B
6D5KB
3G4LD
2ZXWE
3JWDD
3B07B
3UA7A
5VS4A
3TWQA
3QXAA
6RW1A
6KN7U
6IQSA
3VA1A
6ROZA
3CXHH
3H63A
4G9LA
3UA6B
3N8NX
1RE4C
2HEYG
4BXRB
6FVLA
6ERGD
6HBNA
3MTRA
4BCKD
5M3DA
3I2BG
3E9LA
1CJGA
1V9ZA
2QKLB
6CHTM
6AGOC
3QB4B
4YR8H
3ZZHA
3KJ0A
4Q6IC
5TBKK
6LDIG
5MDXA
6IM9B
2LAGB
4E1RB
6FF4z
2FR6B
3SGJB
5CI9A
5MRLB
2QQCE
2H6UA
2RF0A
2RAXB
6FI1B
5FG6A
2XACC
2I9AD
3UELA
4MY6B
1H8AA
5J7GC
2W9LG
4QUSB
1IO4C
7K2DB
3FHZB
4GKOI
1X0NA
5AKAJ
5ELUB
3B32A
1RQDA
3L1VA
4GMHA
6YEIE
1H9TB
2Z77C
5ELSD
1TJDA
5IF4A
3G76C
6WHOA
3D9BA
3TL0A
4R8DB
2K06A
6Q98F
1NYEA
1HO5A
6O9L4
4AJDA
4CG4E
3NBKD
3D55A
5AQSD
5OBNA
7JFYA
3B27A
3FOZB
3MLPE
6SZQB
6Q6HH
2F17A
4W4NB
6BYUA
2PHBB
5Y7WB
1UQVA
3MG7F
5MTMA
4MWHA
2VVQD
5HKPA
4U1AA
3PDCA
2JA3A
3WKRD
7C2BA
3SJMA
4QBWA
1ONIB
4H6HB
2D5KC
1IK7A
5ZXLA
6C7JD
5ZA1A
5WJ1A
3DVTE
3PZKB
4N90S
3DT4A
6MSHO
3CTOD
7K9MA
1G50C
2WFYD
3HCCA
1YJXE
6QULC
6GHMD
3J45T
6NYPC
4ADQG
6NUHA
4QIID
2EV1B
6SZQA
6EXNr
6H4CE
3TSOC
4QUFB
1ROZA
6B98A
2W9RA
7K4DA
2BJXA
4AS4A
3V9ZA
3V9XC
2P6AA
1I7NA
5K9WA
3EAXA
6WA8B
3KOIA
2WO5D
4Z7BA
6XASA
6NYPA
1SG2C
5GZCA
4C4PB
1BMOA
5AYWC
3PW1B
3BARA
6FGWA
5Z3GG
5PAKA
4IDOA
7LS6D
5ZA1B
6ZODC
6OTTA
6ATUE
1N3GA
6HORA
4BWQC
4ODBD
6GCMD
3FFKD
3T3MB
2XNXL
3DI0B
1RRPA
2PKFA
4KZZL
6AH0l
1N4RB
5C1VA
1ZYMB
6P3WD
4EWLA
2YLOA
5LO8A
3IMJB
3R8IA
6CSSA
5VPCC
7LJ1d
1BW6A
1CBIA
3SOWA
1DOMA
5FLXL
2WIPD
5M4IA
1B47A
6D1RA
3COGD
3ZZHB
5I7ZA
5EUCC
2ARCB
3BUKA
6V8WI
3QGPA
4Z9AA
1IDRB
5KGTB
6AVRB
1N52B
6V05D
5JCZD
4L41A
5J7EC
5U6MB
6I13A
7CKRB
6WTIB
1TBNA
6F3ZB
6OC0A
1OVNA
2ARAA
5TQSC
3PUVA
6Z9UD
4EAYC
3RN6A
4LVOA
3V9BA
1ARZB
4AECA
1EAYD
1S9KE
6QZBA
3MPWC
1JYTA
1RY7A
2R2NA
3RPUY
1URKA
2K1SA
6PTSD
1G96A
1FSWA
3V36A
4Q6FA
5V1YA
3G4LB
3HR4A
1P9MA
6U71A
6AY2B
4NBIA
3D2ZA
7LBAD
6W74A
4NNMA
5C3IH
1GTVA
5CLQD
5C4JC
5AYGB
1WGKA
6FPKA
4O4LD
1D3BF
3MDAA
4V2SE
1EPFC
4QUFF
5FLXK
3WTZB
7AI7A
6D3OB
5ZJ6A
1KQGC
4Z9HB
3RI4A
4P3BC
2PQ4A
6Z3WF
7C3FA
4JL4B
2XNXJ
6ULGB
2MTNA
3N7YA
6DE9A
3N1WF
5W1FB
1ECZA
3VBAC
4K30Y
2W7UB
5DS6E
6DDGX
4GDMB
2PHAA
4FQNC
5C3IT
6E14C
5CQUA
6OITA
3MA2A
3SIPD
1ZOHA
2D2QA
6B3ED
3INBC
5E27B
4WWIB
5L4KR
2B1LB
3NY1A
2W4FA
1ZR5A
3RPBA
4PUGA
1CLIB
4Z7NA
5XGTB
6CKRB
2XBFA
4DEPA
1ECMB
2W26B
6ERGA
6U65C
3VD2D
6B30A
3RF3A
3R3MC
3PNWC
7KCOA
5UHIA
2XNXE
6Y9PA
3LAJD
2Y1LB
1EX6A
2DG1B
6CVEA
1Y10B
5FI0F
7EB9A
4OJJC
1NFIE
1X8XA
2DPTB
6IQUA
5TUUA
5GNJB
3WIYA
2Q4GX
2K07A
1Q0AA
5TBYB
1D1PB
6HKPA
6LYYB
2LNWA
1BP5C
3MPYA
6VHHB
2HGFA
1RV6V
3SJAC
3KUTA
6RH6A
4FYYB
1QUMA
2RD5C
1FAPB
3MIFA
3C3WA
5GNJI
7LBAC
2M16A
3L0LA
7JOAK
3OEIK
6R7FR
6MSEN
6MSEL
7C0MK
7LBAB
4GWPA
1F5SA
5JTNE
6F7FB
5AI6A
4HBDA
4JK1F
2AVUA
6L7GA
5KNXB
4J6MD
5KQ4B
6WGUA
2E2XA
6YMYa
2W8BB
3MIHA
4LL7A
4ZFGA
1NPEB
5OJIA
4R3OC
3RYRB
6VRIC
1MI7R
4Z0MA
1PQNA
5ISCA
1YDKA
3QRLA
4IZAB
1UTCB
4BT9B
2HODE
4XZ0A
7BQ0A
5CD4H
6UXVD
3KVOB
5KSUA
3P7FB
4P5UA
6F20B
5F5PA
6MSDN
4Y97H
3NTYA
1FZBA
6C7RA
5OD2A
2JPDA
1KPSD
5ETKA
2YVCA
5XTZA
6OC1A
5MDXD
2CNKA
6AH0M
2W9LA
1IHIA
3TT4A
5W7XD
5D2ME
1BBIA
1E50C
1PS6A
5TY1A
5Y8VB
3K3EA
2IO3B
6X4NA
6ZTRJ
2BELA
4OW1T
2ZIID
5J7EA
3D9UA
6B7EA
4ZOMD
6FOGG
4ZYBB
1TKAA
4O6AB
3WNWF
3ZVYB
4LRHD
2DC3B
2XNXD
2JG8A
6GYOA
1GYYA
1EK6B
7C5EA
1YSAC
7CFYD
2OI5B
6CZYB
2R93C
6RUVB
4MQQB
2M13A
5AQPF
1BU1C
3UV2A
1U9LB
6NJ9K
5FT4A
1IRIA
2ZIIB
2XVTA
6CVOA
1BHFA
5Z58i
4QPLA
1SEMB
2DC3A
5DZYB
1GWBA
7JX7A
4WVEA
1KGJB
1PMLC
3Q0GF
3DJUB
2QV6C
6K0BA
5N0DA
1EGHA
7NRIC
6OQCA
2Z15C
4D61V
6MZLP
4L4ZA
3KURC
5K23A
6V8WE
7C3QA
4K4IE
3H81A
4DHIB
6U72B
4J6KG
2XDJA
1SHCA
1NYHA
2V0EA
2MDJA
5O9Zk
4P9ZA
6KJZB
6KCUA
6QULc
6YMVB
5ELRD
1DS5A
6OMFA
3TWWA
4S15B
3B65A
2GWFC
4HY0C
6M3CB
3V9XA
6OZSB
6NM4B
4HDAA
2Q3TA
2H3LB
6Z86P
5V1ZA
2CUBA
4ZGKB
1T89C
2C7NA
5UKLG
4UEAC
3FHZC
4WSQB
4ZZJA
1KJMA
4GNBA
1RY4A
5T2WA
5C5AA
3X1UC
4JQ3A
4TXPA
5UMVA
2XNYB
6J6Hz
3C98B
5XVKB
4JTAA
3LW5E
5WBHC
4LCTB
3SL8A
3G4KA
6X4WA
4ZR0B
1UNND
4B8ZA
5KVUB
6ILJE
3LVKB
6L6IC
4UY8K
1V5HA
5ISDB
1Z0MB
2K3XA
3CHQA
5ZCJA
5EUCA
2V87B
2XACB
1PT5A
4YYPA
1O3TA
2VOOB
1XARA
6FTAA
3TMKD
2XNXA
1ICUA
1MPQA
1EWIA
5U2FA
4M4RD
3ALRC
6QGSB
4MSNA
1XXBB
5GJHC
3BU8B
3CQZC
6AVQB
1GG1B
5DQTC
4G9AB
6WU6C
6O58K
5IL0A
3QVGA
3FGNB
2D2QB
3K75E
4YM3A
5D7EA
2OX9A
3I92C
3MLJA
3V9GA
6P4GL
2OYIE
1H7OA
3AWIA
6CCQA
3MX0B
6YOVK
6BBMD
2XNXK
1ZZVA
2AHSA
4GGDA
6MS1A
2G6FX
7AD0A
1A0OB
2D11A
5J9WC
2IGPA
1D2ZD
5EG3B
4IC7D
3QZOA
1JANA
4QXFC
5M1SF
4C8QE
3P7FC
1BG8A
5TBYA
5EGUC
6CHTG
2HODF
1CL0A
2VGQA
4YEED
3WHUA
7BNQD
4CL0A
5W58A
6HPWA
5GGKB
6OMNF
3QK5B
2ZFHB
6XXRB
7D3DB
5D7NC
6FLGA
7B68A
6AWFH
1S1CY
1JYXA
6T1NA
6J3NA
1A3AB
2FF4B
6M64C
3QU3B
6ZXGZ
7CO1A
2NYTB
5HZQB
6H2KA
4C79A
3WKRG
1RJ7E
4LCTC
2ZIIA
3NH1D
5NGVA
4QVBB
1FZED
4QYZF
5JA4C
1N7TA
2VNPA
3ASLA
6TU2A
6V2HA
6ETYA
5NIFL
6MUWE
4OCNA
1IG0B
3ATPB
2EKYB
4QUCA
1PKJA
4CC6A
6YEHA
6XL9B
6ZFLV
1HCGB
6FN8A
4TX5B
3VBEB
4Z68A
4ZR0A
3P13B
4BT8B
2V85A
5VEUC
1WCLA
6EM5C
6L7CA
3E2UB
2XVTE
4IEYA
2ZVND
5S8CA
3U73A
3U4UA
4GPTA
1KHUB
1Q08B
2L1CA
5Z02A
1AM4A
2PTUA
1XSJA
4K26A
7JUFA
5EK9A
3KXNA
4RDDA
1YK3G
4J6NA
3N59G
1W0IA
2QYPA
5OF4A
1R27B
4GHSA
4U68A
6VVUB
5W5KA
6LQHA
3KURA
1M44A
4EC4G
4Y0GA
2RIDC
1NYED
6DN7A
2OKVB
5XJQE
2BCVA
4ZGKA
1OTJB
4ZBIA
7KHHC
2KHSA
5L4KV
2GVPA
6RCTA
5LO8B
2BM6A
3MAYG
4GDMA
3A7OA
4BJOA
6N9DA
4WQPB
1QHMA
1AY9A
2HEYF
1NDIA
1N5ZA
3N4MC
4O02B
2NQPB
3VIRB
6Q9WB
4OR5B
4XVGA
1UNPA
4ZFIA
5B83D
2WSFE
2EO9A
3DKUB
3FUMA
5H6QA
6R3DA
3ZS4A
5F5RA
2Q44A
1G8RA
3MFVA
5CITA
1QB3C
3L7UA
3HHDC
4M02A
2YIXA
5EGUB
6MKSA
5U6MA
2HQTN
5LN2A
5LHXA
3T3YA
5FDZB
4AA7A
1AGQD
1KO0A
5USQA
6CVEC
2AYYA
6MBDB
1QNDA
5UI1C
6NIDB
4BFZA
4YCGA
4BC0A
4ZVZB
6GHVC
4WFDE
4HJ2A
4GV8C
5KM8A
6ZP4T
1Q6UA
3E6PL
3VHXB
6O58M
5NMSB
3JB9D
1RV6W
2ZPUA
6TTEA
1BTJA
1FW2A
1G6Q2
2GJ9A
1BZSA
3E2UD
4IHHC
1A09B
3N34A
6F7FA
2GT3A
1XWAB
5ILGB
4CR31
4ZLRB
1ICFA
4XR0A
6NE5C
2PKFB
4EC4F
5TDCC
7LSYF
4LLJA
3LRUA
5H4DA
3ZZHC
4JYZA
3LQCA
5H5FA
6HPZA
1NGKB
6NNQB
5C0XG
2Y8FA
5D5QA
1HW2A
6ABOA
5DQYA
4ONIA
5LJOE
1BP5A
4F02D
6GCMB
5HF7A
3V7JA
5V5XD
6SN9C
5VFOI
1DCEB
6EF1D
4QIIE
1NM7A
5BW8D
5SVMB
6QULb
2ATPC
2QF2A
6K3EA
5EYZA
2EV3A
1MDMB
6YEIA
7AWEI
2HK5A
1GQTC
4Y7KD
3SW2A
4YF5A
3E2UA
4UI1B
5KZ5A
1A0OD
2BZTA
2IYBC
6CRKA
2EKYD
1RB7A
6MUWC
6HBYD
6BRBA
6JUTA
5W1TA
2RQMA
4F2BA
5YK3l
4U7EB
2V1SA
1EQRA
2QKMB
5IXKB
4QH8E
6UCIB
5VPDB
6FVXR
2H11A
1FHTA
1RAXA
1XVIB
1RF1B
6I5EA
1A0OF
6YLGE
6Q98D
1Q1BA
5YZ1A
5L2ZL
6PZRB
6Q2WA
4XXUA
2NWGB
1YUCA
3IRRA
1XSFA
3G7YA
2Q6QB
2EKYC
1CW0A
3PRBB
2OFPB
6FF4Y
5YJ5A
5UK7E
5VPDD
1A1CB
1EGGB
6FOGE
2I2WA
3QY9B
5YK3G
6HT5D
5BQGA
2Z3RF
4F7UE
2PQWA
4HCKA
1NC3A
1RW8A
5JJMA
3O4RA
6HKRA
2HLOB
5FTTH
4C1IC
5UK7A
6YEIC
3MZFA
3N3MB
6HL0A
2HT1A
6G18Q
6H4CG
2LUOA
6IIQB
3K8NA
5WH6A
3OS5A
1I4LD
1U5WF
6NYPD
2M32A
2Z02A
1F3AA
1WWWX
5CD4J
1W1HB
6R7FA
6CHTQ
2ZIIC
4OM2A
2O9AB
1W1DA
4LOQD
3TJ5A
7A5Pk
6FOHB
2E6FA
2JY8A
2YHDA
1VFCA
5GZGA
3UIOB
5J7FA
1EGJA
2GZWB
6MZMT
4AELA
2MLZB
4XK4C
1QRRA
2HLOE
2HF7A
2FIBA
1U07B
6O9LT
1QM9A
6KXXA
1XXBA
5LC4C
6M62E
2GD4L
5EHDJ
2C0JA
5V1IA
6CHPB
2N51A
1K0XA
6GIQa
3IWRB
3NE1A
2MGZB
4RHBB
3J8BC
3KT8B
1U5WC
6V7DB
3ORHB
6K7XC
5KQMA
6FT7A
2ANGA
2WA9B
1FLKA
5NW7A
3VU3F
2YINC
1QYNB
1RX0C
3FGTB
5D0OC
5U4Jd
4BTAA
3OWTA
3P1MA
3F8JB
5Z38J
3LKUB
6BYVA
6EHRB
4JT9A
3ZIAD
6OV3A
4HQAA
6KRVD
4AA7B
3QHSB
5F9SA
1TL9A
3B3LA
3OW7A
1O9KB
3UW9D
2MP2B
2GGTA
1C46A
7L3LB
6AH05
3SHVA
2V76D
1HK9E
4DM4A
1EQQB
5SZOA
3LNXA
5U2EA
3UV4A
1VHMB
6CHTB
1E4UA
6YPHA
3HC5A
5CR2A
3KOVA
5N2LD
2XG7A
2W9LT
2RIIY
1R1SA
2GH0C
6J7XB
1RJFA
2HAJA
4N94B
3AXWA
6P9FB
3L3XA
5ZZWB
2OOXC
2BZFA
4IKPA
5CR2B
4Z9IA
6A33A
6Q9YA
3EFCA
1DPPA
5X8SA
6H42A
1XMWA
6YMWB
1HFBF
1MFIA
5SXPC
5G0JA
6K01C
5D5QB
6TQOU
5XR2F
4G1MB
4MU7B
3HR4C
4BCRA
7CIZK
2KLOA
4MQQA
1HYNR
5TICA
1S62A
2JPSA
5UI1D
5FLXF
7NLYA
5YWSB
1D3BL
4E1RA
6OITB
5FZ5C
3I92B
5J6DA
4TWTA
4I8CB
3ENZA
1A63A
4MZ9A
2WDVC
6L6NC
5J0PA
5TCKB
5C6HE
6FDFA
4MZPA
1Z28A
5LP8A
1XK5A
4NL5B
1KYYC
3I3JD
6HQ0A
3S4MA
5U3RA
1PKKB
2PJYA
4D61M
4JEHB
5IY6V
1EZ3B
5G6UB
4MQJD
4AYKA
1SZBB
6H5AB
1EYVB
1DRWA
1HE1C
5MZEA
3VU3E
7CMOB
4WFAI
6O9L3
6UPYI
3H4Pa
4NNLB
5HGJA
1BQOA
3WUSA
4D61L
1SJ7B
4CN2D
3AH8B
4IC7E
4Z0MB
1FFWB
2VBVA
5TQGL
4V2SB
3IOLA
3HK1A
4GGFC
2O05A
5FE6B
487DN
1ESZA
4GV8F
6BA6A
2Z3RB
3KVLA
6LZZB
6L93E
3FALD
5BT5A
4J3OF
2C2BC
3GH8B
5PAOA
5IQQB
3CM7D
2MX6A
5IC4G
5ADYK
6B5YA
2F84A
2RAWB
2KMZA
3UVDA
3UW9B
1VF6B
3KUIA
5JS6A
3LQAC
6EPDD
4BFLB
6MSHN
6ULGG
5YOUA
4JAAA
2RSNA
2ZU0A
6Q9SA
1NP0D
3EZIC
4ZJLA
6WWIK
3B9KA
5VTPA
3V9SA
6M2MK
5EUBA
2FBMB
2HSMA
5AXPA
4JEUB
4QD2E
1Z2KA
4ZRAC
4DCXB
1A2KE
3VEHB
4F44A
1PNZA
2BVEA
7AOEH
1FZBF
5LJ5M
1ERGA
3VBAE
5J3YB
4MMXC
6C45C
2HRAB
2MXYA
4FA8E
5T16A
4QT0A
5T2RA
4E9FA
6YEIF
2MW2A
3DWWA
4E9CA
1DZ7A
6CKXB
4N6MB
4FQFB
3IJEB
4DX7A
4C0DA
3VD0K
2OZ9R
5NQ6A
1AJ0A
6HRLB
2QOPA
3O5EA
3I4NI
6FTAD
1GKEA
2GWHB
6QF5A
7CUYB
5ZGCE
6P8AA
2BBUA
6MZLD
6QGQB
2Z4HB
1YJXC
2I85A
2KZ1B
2RBAA
1CQZB
2ZKDB
2HNTE
6OM7V
6ICHA
2QJBA
2K8PA
1DVAL
2JFDC
7JFYC
4BLVA
1CYWA
2FEJA
4AG9A
5L6KA
3FMOA
4X4MB
4D0NB
3N8KM
4E5ZA
6D0YA
1MBXC
4H6HA
6O3YA
4D08B
4C4YA
6QPWB
1R1PA
6B68C
6O1FA
1RIID
2FP2B
2B3JD
5MPKA
5NRRB
4D09B
6EWZB
2VVQA
4JH0A
2GV2A
3N4MB
2VODB
3PVVB
5C3FA
3OBVD
2LFGA
3BLSA
5DIQF
2KY6A
2RQHB
6Y38B
2J0TC
7CGPK
3AGAA
1CEEB
5DYHA
1I85B
1AWEA
3MPUB
1I8LA
7NDIA
5IXBA
1E21A
4OM3A
5AQNB
4OM2B
3VN9A
2GTPB
3DHXA
2C0EB
4NXVC
4N9OA
2QADF
6FYRA
4HDAB
1BOTO
2IYBB
4DHJE
6BN6A
2B3JC
3O36A
5DLJF
1B6ZB
6BD9B
4UOXB
5JMYA
5K7UB
1VF9A
5VPEC
1RMQB
1YKEA
5D3NA
5NANB
2JKHL
1H82A
5IQQD
1HTRB
1H2TZ
6GCMf
5WQ4F
1I9RA
4PJOL
1WLRA
3S7GB
2I9AC
7KRBA
1QIAA
3UFJA
5DQUF
1MHDA
5U00D
6BM6A
6KC4A
1IRAX
3OF9A
5MY1V
1LITA
3K4SA
3GHGC
5TGJC
3K9OA
3VD0I
5GGLB
6D3OA
6LRZA
3MVXA
6BC1A
3KMPB
2KBWA
2JFDA
4KZZg
1S67U
6D2LE
1SRAA
6WWHK
1CO1A
6VSUE
4BWQA
2KC2A
6F8VA
1LPLA
2G8NA
5VVRC
4NEFB
5X16A
3MHAB
1DADA
2LXBA
1K5GA
3ENZB
4BWSC
6H2IB
4U4AC
4X2KA
4R9TA
6INKA
3FSXD
4BIKB
1SN8A
2Z5SM
2VPVB
3X0EA
4B95I
5M32m
2Z9AB
3JCUA
3PMTA
2I83A
5AQIB
3RW6A
3U41G
1FDTA
3QX1A
6YE3I
4NXUC
1BK5A
1TVOA
5ZUOC
2VOOA
3BDYV
4MS6A
3NBAA
2VG2D
